<?xml version="1.0" encoding="UTF-8"?>
<!-- Generated by org.testng.reporters.JUnitReportReporter -->
<testsuite hostname="LAPTOP-VIJ7KV3T" failures="0" tests="1" name="testng.TestNgClass" time="0.006" errors="0" timestamp="2023-08-03T10:06:23 IST" skipped="0">
  <testcase classname="testng.TestNgClass" name="test" time="0.006"/>
  <system-out/>
</testsuite> <!-- testng.TestNgClass -->
